<?xml version="1.0" encoding="UTF-8"?>
<!-- Generated by org.testng.reporters.JUnitXMLReporter -->
<testsuite ignored="0" hostname="DESKTOP-UPSF26K" failures="0" tests="3" name="Test" time="29.304" errors="0" timestamp="2022-03-23T15:00:42 IST">
  <testcase classname="parallelAndSeriesStudy.ParallelStudy" name="test1" time="8.471"/>
  <testcase classname="parallelAndSeriesStudy.ParallelStudy" name="test2" time="13.315"/>
  <testcase classname="parallelAndSeriesStudy.ParallelStudy" name="test3" time="7.458"/>
</testsuite> <!-- Test -->
